The system is: Darwin - 20.2.0 - x86_64
Compiling the C compiler identification source file "CMakeCCompilerId.c" succeeded.
Compiler: /Applications/Xcode.app/Contents/Developer/Toolchains/XcodeDefault.xctoolchain/usr/bin/cc 
Build flags: 
Id flags: -c 

The output was:
0


Compilation of the C compiler identification source "CMakeCCompilerId.c" produced "CMakeCCompilerId.o"

The C compiler identification is AppleClang, found in "/Users/ylliu/code/tools/wasm/demo/CMakeFiles/3.20.2/CompilerIdC/CMakeCCompilerId.o"

Detecting C compiler ABI info compiled with the following output:
Change Dir: /Users/ylliu/code/tools/wasm/demo/CMakeFiles/CMakeTmp

Run Build Command(s):/usr/bin/make -f Makefile cmTC_7be0f/fast && /Applications/Xcode.app/Contents/Developer/usr/bin/make  -f CMakeFiles/cmTC_7be0f.dir/build.make CMakeFiles/cmTC_7be0f.dir/build
Building C object CMakeFiles/cmTC_7be0f.dir/CMakeCCompilerABI.c.o
/Applications/Xcode.app/Contents/Developer/Toolchains/XcodeDefault.xctoolchain/usr/bin/cc   -isysroot /Applications/Xcode.app/Contents/Developer/Platforms/MacOSX.platform/Developer/SDKs/MacOSX11.3.sdk -mmacosx-version-min=11.1   -v -Wl,-v -MD -MT CMakeFiles/cmTC_7be0f.dir/CMakeCCompilerABI.c.o -MF CMakeFiles/cmTC_7be0f.dir/CMakeCCompilerABI.c.o.d -o CMakeFiles/cmTC_7be0f.dir/CMakeCCompilerABI.c.o -c /usr/local/Cellar/cmake/3.20.2/share/cmake/Modules/CMakeCCompilerABI.c
Apple clang version 12.0.5 (clang-1205.0.22.11)
Target: x86_64-apple-darwin20.2.0
Thread model: posix
InstalledDir: /Applications/Xcode.app/Contents/Developer/Toolchains/XcodeDefault.xctoolchain/usr/bin
clang: warning: -Wl,-v: 'linker' input unused [-Wunused-command-line-argument]
 "/Applications/Xcode.app/Contents/Developer/Toolchains/XcodeDefault.xctoolchain/usr/bin/clang" -cc1 -triple x86_64-apple-macosx11.1.0 -Wdeprecated-objc-isa-usage -Werror=deprecated-objc-isa-usage -Werror=implicit-function-declaration -emit-obj -mrelax-all -disable-free -disable-llvm-verifier -discard-value-names -main-file-name CMakeCCompilerABI.c -mrelocation-model pic -pic-level 2 -mframe-pointer=all -fno-strict-return -fno-rounding-math -munwind-tables -target-sdk-version=11.3 -fvisibility-inlines-hidden-static-local-var -target-cpu penryn -debugger-tuning=lldb -target-linker-version 650.9 -v -resource-dir /Applications/Xcode.app/Contents/Developer/Toolchains/XcodeDefault.xctoolchain/usr/lib/clang/12.0.5 -dependency-file CMakeFiles/cmTC_7be0f.dir/CMakeCCompilerABI.c.o.d -skip-unused-modulemap-deps -MT CMakeFiles/cmTC_7be0f.dir/CMakeCCompilerABI.c.o -sys-header-deps -isysroot /Applications/Xcode.app/Contents/Developer/Platforms/MacOSX.platform/Developer/SDKs/MacOSX11.3.sdk -internal-isystem /Applications/Xcode.app/Contents/Developer/Platforms/MacOSX.platform/Developer/SDKs/MacOSX11.3.sdk/usr/local/include -internal-isystem /Applications/Xcode.app/Contents/Developer/Toolchains/XcodeDefault.xctoolchain/usr/lib/clang/12.0.5/include -internal-externc-isystem /Applications/Xcode.app/Contents/Developer/Platforms/MacOSX.platform/Developer/SDKs/MacOSX11.3.sdk/usr/include -internal-externc-isystem /Applications/Xcode.app/Contents/Developer/Toolchains/XcodeDefault.xctoolchain/usr/include -Wno-reorder-init-list -Wno-implicit-int-float-conversion -Wno-c99-designator -Wno-final-dtor-non-final-class -Wno-extra-semi-stmt -Wno-misleading-indentation -Wno-quoted-include-in-framework-header -Wno-implicit-fallthrough -Wno-enum-enum-conversion -Wno-enum-float-conversion -Wno-elaborated-enum-base -fdebug-compilation-dir /Users/ylliu/code/tools/wasm/demo/CMakeFiles/CMakeTmp -ferror-limit 19 -stack-protector 1 -fstack-check -mdarwin-stkchk-strong-link -fblocks -fencode-extended-block-signature -fregister-global-dtors-with-atexit -fgnuc-version=4.2.1 -fmax-type-align=16 -fcommon -clang-vendor-feature=+disableNonDependentMemberExprInCurrentInstantiation -fno-odr-hash-protocols -mllvm -disable-aligned-alloc-awareness=1 -o CMakeFiles/cmTC_7be0f.dir/CMakeCCompilerABI.c.o -x c /usr/local/Cellar/cmake/3.20.2/share/cmake/Modules/CMakeCCompilerABI.c
clang -cc1 version 12.0.5 (clang-1205.0.22.11) default target x86_64-apple-darwin20.2.0
ignoring nonexistent directory "/Applications/Xcode.app/Contents/Developer/Platforms/MacOSX.platform/Developer/SDKs/MacOSX11.3.sdk/usr/local/include"
ignoring nonexistent directory "/Applications/Xcode.app/Contents/Developer/Platforms/MacOSX.platform/Developer/SDKs/MacOSX11.3.sdk/Library/Frameworks"
#include "..." search starts here:
#include <...> search starts here:
 /Applications/Xcode.app/Contents/Developer/Toolchains/XcodeDefault.xctoolchain/usr/lib/clang/12.0.5/include
 /Applications/Xcode.app/Contents/Developer/Platforms/MacOSX.platform/Developer/SDKs/MacOSX11.3.sdk/usr/include
 /Applications/Xcode.app/Contents/Developer/Toolchains/XcodeDefault.xctoolchain/usr/include
 /Applications/Xcode.app/Contents/Developer/Platforms/MacOSX.platform/Developer/SDKs/MacOSX11.3.sdk/System/Library/Frameworks (framework directory)
End of search list.
Linking C executable cmTC_7be0f
/usr/local/Cellar/cmake/3.20.2/bin/cmake -E cmake_link_script CMakeFiles/cmTC_7be0f.dir/link.txt --verbose=1
/Applications/Xcode.app/Contents/Developer/Toolchains/XcodeDefault.xctoolchain/usr/bin/cc  -isysroot /Applications/Xcode.app/Contents/Developer/Platforms/MacOSX.platform/Developer/SDKs/MacOSX11.3.sdk -mmacosx-version-min=11.1 -Wl,-search_paths_first -Wl,-headerpad_max_install_names  -v -Wl,-v CMakeFiles/cmTC_7be0f.dir/CMakeCCompilerABI.c.o -o cmTC_7be0f 
Apple clang version 12.0.5 (clang-1205.0.22.11)
Target: x86_64-apple-darwin20.2.0
Thread model: posix
InstalledDir: /Applications/Xcode.app/Contents/Developer/Toolchains/XcodeDefault.xctoolchain/usr/bin
 "/Applications/Xcode.app/Contents/Developer/Toolchains/XcodeDefault.xctoolchain/usr/bin/ld" -demangle -lto_library /Applications/Xcode.app/Contents/Developer/Toolchains/XcodeDefault.xctoolchain/usr/lib/libLTO.dylib -dynamic -arch x86_64 -platform_version macos 11.1.0 11.3 -syslibroot /Applications/Xcode.app/Contents/Developer/Platforms/MacOSX.platform/Developer/SDKs/MacOSX11.3.sdk -o cmTC_7be0f -search_paths_first -headerpad_max_install_names -v CMakeFiles/cmTC_7be0f.dir/CMakeCCompilerABI.c.o -lSystem /Applications/Xcode.app/Contents/Developer/Toolchains/XcodeDefault.xctoolchain/usr/lib/clang/12.0.5/lib/darwin/libclang_rt.osx.a
@(#)PROGRAM:ld  PROJECT:ld64-650.9
BUILD 13:09:02 May 28 2021
configured to support archs: armv6 armv7 armv7s arm64 arm64e arm64_32 i386 x86_64 x86_64h armv6m armv7k armv7m armv7em
Library search paths:
	/Applications/Xcode.app/Contents/Developer/Platforms/MacOSX.platform/Developer/SDKs/MacOSX11.3.sdk/usr/lib
Framework search paths:
	/Applications/Xcode.app/Contents/Developer/Platforms/MacOSX.platform/Developer/SDKs/MacOSX11.3.sdk/System/Library/Frameworks/



Parsed C implicit include dir info from above output: rv=done
  found start of include info
  found start of implicit include info
    add: [/Applications/Xcode.app/Contents/Developer/Toolchains/XcodeDefault.xctoolchain/usr/lib/clang/12.0.5/include]
    add: [/Applications/Xcode.app/Contents/Developer/Platforms/MacOSX.platform/Developer/SDKs/MacOSX11.3.sdk/usr/include]
    add: [/Applications/Xcode.app/Contents/Developer/Toolchains/XcodeDefault.xctoolchain/usr/include]
  end of search list found
  collapse include dir [/Applications/Xcode.app/Contents/Developer/Toolchains/XcodeDefault.xctoolchain/usr/lib/clang/12.0.5/include] ==> [/Applications/Xcode.app/Contents/Developer/Toolchains/XcodeDefault.xctoolchain/usr/lib/clang/12.0.5/include]
  collapse include dir [/Applications/Xcode.app/Contents/Developer/Platforms/MacOSX.platform/Developer/SDKs/MacOSX11.3.sdk/usr/include] ==> [/Applications/Xcode.app/Contents/Developer/Platforms/MacOSX.platform/Developer/SDKs/MacOSX11.3.sdk/usr/include]
  collapse include dir [/Applications/Xcode.app/Contents/Developer/Toolchains/XcodeDefault.xctoolchain/usr/include] ==> [/Applications/Xcode.app/Contents/Developer/Toolchains/XcodeDefault.xctoolchain/usr/include]
  implicit include dirs: [/Applications/Xcode.app/Contents/Developer/Toolchains/XcodeDefault.xctoolchain/usr/lib/clang/12.0.5/include;/Applications/Xcode.app/Contents/Developer/Platforms/MacOSX.platform/Developer/SDKs/MacOSX11.3.sdk/usr/include;/Applications/Xcode.app/Contents/Developer/Toolchains/XcodeDefault.xctoolchain/usr/include]


Parsed C implicit link information from above output:
  link line regex: [^( *|.*[/\])(ld|CMAKE_LINK_STARTFILE-NOTFOUND|([^/\]+-)?ld|collect2)[^/\]*( |$)]
  ignore line: [Change Dir: /Users/ylliu/code/tools/wasm/demo/CMakeFiles/CMakeTmp]
  ignore line: []
  ignore line: [Run Build Command(s):/usr/bin/make -f Makefile cmTC_7be0f/fast && /Applications/Xcode.app/Contents/Developer/usr/bin/make  -f CMakeFiles/cmTC_7be0f.dir/build.make CMakeFiles/cmTC_7be0f.dir/build]
  ignore line: [Building C object CMakeFiles/cmTC_7be0f.dir/CMakeCCompilerABI.c.o]
  ignore line: [/Applications/Xcode.app/Contents/Developer/Toolchains/XcodeDefault.xctoolchain/usr/bin/cc   -isysroot /Applications/Xcode.app/Contents/Developer/Platforms/MacOSX.platform/Developer/SDKs/MacOSX11.3.sdk -mmacosx-version-min=11.1   -v -Wl -v -MD -MT CMakeFiles/cmTC_7be0f.dir/CMakeCCompilerABI.c.o -MF CMakeFiles/cmTC_7be0f.dir/CMakeCCompilerABI.c.o.d -o CMakeFiles/cmTC_7be0f.dir/CMakeCCompilerABI.c.o -c /usr/local/Cellar/cmake/3.20.2/share/cmake/Modules/CMakeCCompilerABI.c]
  ignore line: [Apple clang version 12.0.5 (clang-1205.0.22.11)]
  ignore line: [Target: x86_64-apple-darwin20.2.0]
  ignore line: [Thread model: posix]
  ignore line: [InstalledDir: /Applications/Xcode.app/Contents/Developer/Toolchains/XcodeDefault.xctoolchain/usr/bin]
  ignore line: [clang: warning: -Wl -v: 'linker' input unused [-Wunused-command-line-argument]]
  ignore line: [ "/Applications/Xcode.app/Contents/Developer/Toolchains/XcodeDefault.xctoolchain/usr/bin/clang" -cc1 -triple x86_64-apple-macosx11.1.0 -Wdeprecated-objc-isa-usage -Werror=deprecated-objc-isa-usage -Werror=implicit-function-declaration -emit-obj -mrelax-all -disable-free -disable-llvm-verifier -discard-value-names -main-file-name CMakeCCompilerABI.c -mrelocation-model pic -pic-level 2 -mframe-pointer=all -fno-strict-return -fno-rounding-math -munwind-tables -target-sdk-version=11.3 -fvisibility-inlines-hidden-static-local-var -target-cpu penryn -debugger-tuning=lldb -target-linker-version 650.9 -v -resource-dir /Applications/Xcode.app/Contents/Developer/Toolchains/XcodeDefault.xctoolchain/usr/lib/clang/12.0.5 -dependency-file CMakeFiles/cmTC_7be0f.dir/CMakeCCompilerABI.c.o.d -skip-unused-modulemap-deps -MT CMakeFiles/cmTC_7be0f.dir/CMakeCCompilerABI.c.o -sys-header-deps -isysroot /Applications/Xcode.app/Contents/Developer/Platforms/MacOSX.platform/Developer/SDKs/MacOSX11.3.sdk -internal-isystem /Applications/Xcode.app/Contents/Developer/Platforms/MacOSX.platform/Developer/SDKs/MacOSX11.3.sdk/usr/local/include -internal-isystem /Applications/Xcode.app/Contents/Developer/Toolchains/XcodeDefault.xctoolchain/usr/lib/clang/12.0.5/include -internal-externc-isystem /Applications/Xcode.app/Contents/Developer/Platforms/MacOSX.platform/Developer/SDKs/MacOSX11.3.sdk/usr/include -internal-externc-isystem /Applications/Xcode.app/Contents/Developer/Toolchains/XcodeDefault.xctoolchain/usr/include -Wno-reorder-init-list -Wno-implicit-int-float-conversion -Wno-c99-designator -Wno-final-dtor-non-final-class -Wno-extra-semi-stmt -Wno-misleading-indentation -Wno-quoted-include-in-framework-header -Wno-implicit-fallthrough -Wno-enum-enum-conversion -Wno-enum-float-conversion -Wno-elaborated-enum-base -fdebug-compilation-dir /Users/ylliu/code/tools/wasm/demo/CMakeFiles/CMakeTmp -ferror-limit 19 -stack-protector 1 -fstack-check -mdarwin-stkchk-strong-link -fblocks -fencode-extended-block-signature -fregister-global-dtors-with-atexit -fgnuc-version=4.2.1 -fmax-type-align=16 -fcommon -clang-vendor-feature=+disableNonDependentMemberExprInCurrentInstantiation -fno-odr-hash-protocols -mllvm -disable-aligned-alloc-awareness=1 -o CMakeFiles/cmTC_7be0f.dir/CMakeCCompilerABI.c.o -x c /usr/local/Cellar/cmake/3.20.2/share/cmake/Modules/CMakeCCompilerABI.c]
  ignore line: [clang -cc1 version 12.0.5 (clang-1205.0.22.11) default target x86_64-apple-darwin20.2.0]
  ignore line: [ignoring nonexistent directory "/Applications/Xcode.app/Contents/Developer/Platforms/MacOSX.platform/Developer/SDKs/MacOSX11.3.sdk/usr/local/include"]
  ignore line: [ignoring nonexistent directory "/Applications/Xcode.app/Contents/Developer/Platforms/MacOSX.platform/Developer/SDKs/MacOSX11.3.sdk/Library/Frameworks"]
  ignore line: [#include "..." search starts here:]
  ignore line: [#include <...> search starts here:]
  ignore line: [ /Applications/Xcode.app/Contents/Developer/Toolchains/XcodeDefault.xctoolchain/usr/lib/clang/12.0.5/include]
  ignore line: [ /Applications/Xcode.app/Contents/Developer/Platforms/MacOSX.platform/Developer/SDKs/MacOSX11.3.sdk/usr/include]
  ignore line: [ /Applications/Xcode.app/Contents/Developer/Toolchains/XcodeDefault.xctoolchain/usr/include]
  ignore line: [ /Applications/Xcode.app/Contents/Developer/Platforms/MacOSX.platform/Developer/SDKs/MacOSX11.3.sdk/System/Library/Frameworks (framework directory)]
  ignore line: [End of search list.]
  ignore line: [Linking C executable cmTC_7be0f]
  ignore line: [/usr/local/Cellar/cmake/3.20.2/bin/cmake -E cmake_link_script CMakeFiles/cmTC_7be0f.dir/link.txt --verbose=1]
  ignore line: [/Applications/Xcode.app/Contents/Developer/Toolchains/XcodeDefault.xctoolchain/usr/bin/cc  -isysroot /Applications/Xcode.app/Contents/Developer/Platforms/MacOSX.platform/Developer/SDKs/MacOSX11.3.sdk -mmacosx-version-min=11.1 -Wl -search_paths_first -Wl -headerpad_max_install_names  -v -Wl -v CMakeFiles/cmTC_7be0f.dir/CMakeCCompilerABI.c.o -o cmTC_7be0f ]
  ignore line: [Apple clang version 12.0.5 (clang-1205.0.22.11)]
  ignore line: [Target: x86_64-apple-darwin20.2.0]
  ignore line: [Thread model: posix]
  ignore line: [InstalledDir: /Applications/Xcode.app/Contents/Developer/Toolchains/XcodeDefault.xctoolchain/usr/bin]
  link line: [ "/Applications/Xcode.app/Contents/Developer/Toolchains/XcodeDefault.xctoolchain/usr/bin/ld" -demangle -lto_library /Applications/Xcode.app/Contents/Developer/Toolchains/XcodeDefault.xctoolchain/usr/lib/libLTO.dylib -dynamic -arch x86_64 -platform_version macos 11.1.0 11.3 -syslibroot /Applications/Xcode.app/Contents/Developer/Platforms/MacOSX.platform/Developer/SDKs/MacOSX11.3.sdk -o cmTC_7be0f -search_paths_first -headerpad_max_install_names -v CMakeFiles/cmTC_7be0f.dir/CMakeCCompilerABI.c.o -lSystem /Applications/Xcode.app/Contents/Developer/Toolchains/XcodeDefault.xctoolchain/usr/lib/clang/12.0.5/lib/darwin/libclang_rt.osx.a]
    arg [/Applications/Xcode.app/Contents/Developer/Toolchains/XcodeDefault.xctoolchain/usr/bin/ld] ==> ignore
    arg [-demangle] ==> ignore
    arg [-lto_library] ==> ignore, skip following value
    arg [/Applications/Xcode.app/Contents/Developer/Toolchains/XcodeDefault.xctoolchain/usr/lib/libLTO.dylib] ==> skip value of -lto_library
    arg [-dynamic] ==> ignore
    arg [-arch] ==> ignore
    arg [x86_64] ==> ignore
    arg [-platform_version] ==> ignore
    arg [macos] ==> ignore
    arg [11.1.0] ==> ignore
    arg [11.3] ==> ignore
    arg [-syslibroot] ==> ignore
    arg [/Applications/Xcode.app/Contents/Developer/Platforms/MacOSX.platform/Developer/SDKs/MacOSX11.3.sdk] ==> ignore
    arg [-o] ==> ignore
    arg [cmTC_7be0f] ==> ignore
    arg [-search_paths_first] ==> ignore
    arg [-headerpad_max_install_names] ==> ignore
    arg [-v] ==> ignore
    arg [CMakeFiles/cmTC_7be0f.dir/CMakeCCompilerABI.c.o] ==> ignore
    arg [-lSystem] ==> lib [System]
    arg [/Applications/Xcode.app/Contents/Developer/Toolchains/XcodeDefault.xctoolchain/usr/lib/clang/12.0.5/lib/darwin/libclang_rt.osx.a] ==> lib [/Applications/Xcode.app/Contents/Developer/Toolchains/XcodeDefault.xctoolchain/usr/lib/clang/12.0.5/lib/darwin/libclang_rt.osx.a]
  Library search paths: [;/Applications/Xcode.app/Contents/Developer/Platforms/MacOSX.platform/Developer/SDKs/MacOSX11.3.sdk/usr/lib]
  Framework search paths: [;/Applications/Xcode.app/Contents/Developer/Platforms/MacOSX.platform/Developer/SDKs/MacOSX11.3.sdk/System/Library/Frameworks/]
  remove lib [System]
  remove lib [/Applications/Xcode.app/Contents/Developer/Toolchains/XcodeDefault.xctoolchain/usr/lib/clang/12.0.5/lib/darwin/libclang_rt.osx.a]
  collapse library dir [/Applications/Xcode.app/Contents/Developer/Platforms/MacOSX.platform/Developer/SDKs/MacOSX11.3.sdk/usr/lib] ==> [/Applications/Xcode.app/Contents/Developer/Platforms/MacOSX.platform/Developer/SDKs/MacOSX11.3.sdk/usr/lib]
  collapse framework dir [/Applications/Xcode.app/Contents/Developer/Platforms/MacOSX.platform/Developer/SDKs/MacOSX11.3.sdk/System/Library/Frameworks/] ==> [/Applications/Xcode.app/Contents/Developer/Platforms/MacOSX.platform/Developer/SDKs/MacOSX11.3.sdk/System/Library/Frameworks]
  implicit libs: []
  implicit objs: []
  implicit dirs: [/Applications/Xcode.app/Contents/Developer/Platforms/MacOSX.platform/Developer/SDKs/MacOSX11.3.sdk/usr/lib]
  implicit fwks: [/Applications/Xcode.app/Contents/Developer/Platforms/MacOSX.platform/Developer/SDKs/MacOSX11.3.sdk/System/Library/Frameworks]


Performing C SOURCE FILE Test FLAG_SUPPORTED_stdc89 succeeded with the following output:
Change Dir: /Users/ylliu/code/tools/wasm/demo/CMakeFiles/CMakeTmp

Run Build Command(s):/usr/bin/make -f Makefile cmTC_4a547/fast && /Applications/Xcode.app/Contents/Developer/usr/bin/make  -f CMakeFiles/cmTC_4a547.dir/build.make CMakeFiles/cmTC_4a547.dir/build
Building C object CMakeFiles/cmTC_4a547.dir/src.c.o
/Applications/Xcode.app/Contents/Developer/Toolchains/XcodeDefault.xctoolchain/usr/bin/cc -DFLAG_SUPPORTED_stdc89  -fno-stack-protector -U_FORTIFY_SOURCE  -isysroot /Applications/Xcode.app/Contents/Developer/Platforms/MacOSX.platform/Developer/SDKs/MacOSX11.3.sdk -mmacosx-version-min=11.1   -std=c89 -MD -MT CMakeFiles/cmTC_4a547.dir/src.c.o -MF CMakeFiles/cmTC_4a547.dir/src.c.o.d -o CMakeFiles/cmTC_4a547.dir/src.c.o -c /Users/ylliu/code/tools/wasm/demo/CMakeFiles/CMakeTmp/src.c
Linking C executable cmTC_4a547
/usr/local/Cellar/cmake/3.20.2/bin/cmake -E cmake_link_script CMakeFiles/cmTC_4a547.dir/link.txt --verbose=1
/Applications/Xcode.app/Contents/Developer/Toolchains/XcodeDefault.xctoolchain/usr/bin/cc -fno-stack-protector -U_FORTIFY_SOURCE  -isysroot /Applications/Xcode.app/Contents/Developer/Platforms/MacOSX.platform/Developer/SDKs/MacOSX11.3.sdk -mmacosx-version-min=11.1 -Wl,-search_paths_first -Wl,-headerpad_max_install_names CMakeFiles/cmTC_4a547.dir/src.c.o -o cmTC_4a547 


Source file was:
int main(void) { return 0; }
Performing C SOURCE FILE Test FLAG_SUPPORTED_pedantic succeeded with the following output:
Change Dir: /Users/ylliu/code/tools/wasm/demo/CMakeFiles/CMakeTmp

Run Build Command(s):/usr/bin/make -f Makefile cmTC_c6586/fast && /Applications/Xcode.app/Contents/Developer/usr/bin/make  -f CMakeFiles/cmTC_c6586.dir/build.make CMakeFiles/cmTC_c6586.dir/build
Building C object CMakeFiles/cmTC_c6586.dir/src.c.o
/Applications/Xcode.app/Contents/Developer/Toolchains/XcodeDefault.xctoolchain/usr/bin/cc -DFLAG_SUPPORTED_pedantic  -fno-stack-protector -U_FORTIFY_SOURCE -std=c89  -isysroot /Applications/Xcode.app/Contents/Developer/Platforms/MacOSX.platform/Developer/SDKs/MacOSX11.3.sdk -mmacosx-version-min=11.1   -pedantic -MD -MT CMakeFiles/cmTC_c6586.dir/src.c.o -MF CMakeFiles/cmTC_c6586.dir/src.c.o.d -o CMakeFiles/cmTC_c6586.dir/src.c.o -c /Users/ylliu/code/tools/wasm/demo/CMakeFiles/CMakeTmp/src.c
Linking C executable cmTC_c6586
/usr/local/Cellar/cmake/3.20.2/bin/cmake -E cmake_link_script CMakeFiles/cmTC_c6586.dir/link.txt --verbose=1
/Applications/Xcode.app/Contents/Developer/Toolchains/XcodeDefault.xctoolchain/usr/bin/cc -fno-stack-protector -U_FORTIFY_SOURCE -std=c89  -isysroot /Applications/Xcode.app/Contents/Developer/Platforms/MacOSX.platform/Developer/SDKs/MacOSX11.3.sdk -mmacosx-version-min=11.1 -Wl,-search_paths_first -Wl,-headerpad_max_install_names CMakeFiles/cmTC_c6586.dir/src.c.o -o cmTC_c6586 


Source file was:
int main(void) { return 0; }
Performing C SOURCE FILE Test FLAG_SUPPORTED_Wall succeeded with the following output:
Change Dir: /Users/ylliu/code/tools/wasm/demo/CMakeFiles/CMakeTmp

Run Build Command(s):/usr/bin/make -f Makefile cmTC_459f4/fast && /Applications/Xcode.app/Contents/Developer/usr/bin/make  -f CMakeFiles/cmTC_459f4.dir/build.make CMakeFiles/cmTC_459f4.dir/build
Building C object CMakeFiles/cmTC_459f4.dir/src.c.o
/Applications/Xcode.app/Contents/Developer/Toolchains/XcodeDefault.xctoolchain/usr/bin/cc -DFLAG_SUPPORTED_Wall  -fno-stack-protector -U_FORTIFY_SOURCE -std=c89 -pedantic  -isysroot /Applications/Xcode.app/Contents/Developer/Platforms/MacOSX.platform/Developer/SDKs/MacOSX11.3.sdk -mmacosx-version-min=11.1   -Wall -MD -MT CMakeFiles/cmTC_459f4.dir/src.c.o -MF CMakeFiles/cmTC_459f4.dir/src.c.o.d -o CMakeFiles/cmTC_459f4.dir/src.c.o -c /Users/ylliu/code/tools/wasm/demo/CMakeFiles/CMakeTmp/src.c
Linking C executable cmTC_459f4
/usr/local/Cellar/cmake/3.20.2/bin/cmake -E cmake_link_script CMakeFiles/cmTC_459f4.dir/link.txt --verbose=1
/Applications/Xcode.app/Contents/Developer/Toolchains/XcodeDefault.xctoolchain/usr/bin/cc -fno-stack-protector -U_FORTIFY_SOURCE -std=c89 -pedantic  -isysroot /Applications/Xcode.app/Contents/Developer/Platforms/MacOSX.platform/Developer/SDKs/MacOSX11.3.sdk -mmacosx-version-min=11.1 -Wl,-search_paths_first -Wl,-headerpad_max_install_names CMakeFiles/cmTC_459f4.dir/src.c.o -o cmTC_459f4 


Source file was:
int main(void) { return 0; }
Performing C SOURCE FILE Test FLAG_SUPPORTED_Wextra succeeded with the following output:
Change Dir: /Users/ylliu/code/tools/wasm/demo/CMakeFiles/CMakeTmp

Run Build Command(s):/usr/bin/make -f Makefile cmTC_e455d/fast && /Applications/Xcode.app/Contents/Developer/usr/bin/make  -f CMakeFiles/cmTC_e455d.dir/build.make CMakeFiles/cmTC_e455d.dir/build
Building C object CMakeFiles/cmTC_e455d.dir/src.c.o
/Applications/Xcode.app/Contents/Developer/Toolchains/XcodeDefault.xctoolchain/usr/bin/cc -DFLAG_SUPPORTED_Wextra  -fno-stack-protector -U_FORTIFY_SOURCE -std=c89 -pedantic -Wall  -isysroot /Applications/Xcode.app/Contents/Developer/Platforms/MacOSX.platform/Developer/SDKs/MacOSX11.3.sdk -mmacosx-version-min=11.1   -Wextra -MD -MT CMakeFiles/cmTC_e455d.dir/src.c.o -MF CMakeFiles/cmTC_e455d.dir/src.c.o.d -o CMakeFiles/cmTC_e455d.dir/src.c.o -c /Users/ylliu/code/tools/wasm/demo/CMakeFiles/CMakeTmp/src.c
Linking C executable cmTC_e455d
/usr/local/Cellar/cmake/3.20.2/bin/cmake -E cmake_link_script CMakeFiles/cmTC_e455d.dir/link.txt --verbose=1
/Applications/Xcode.app/Contents/Developer/Toolchains/XcodeDefault.xctoolchain/usr/bin/cc -fno-stack-protector -U_FORTIFY_SOURCE -std=c89 -pedantic -Wall  -isysroot /Applications/Xcode.app/Contents/Developer/Platforms/MacOSX.platform/Developer/SDKs/MacOSX11.3.sdk -mmacosx-version-min=11.1 -Wl,-search_paths_first -Wl,-headerpad_max_install_names CMakeFiles/cmTC_e455d.dir/src.c.o -o cmTC_e455d 


Source file was:
int main(void) { return 0; }
Performing C SOURCE FILE Test FLAG_SUPPORTED_Werror succeeded with the following output:
Change Dir: /Users/ylliu/code/tools/wasm/demo/CMakeFiles/CMakeTmp

Run Build Command(s):/usr/bin/make -f Makefile cmTC_06ef3/fast && /Applications/Xcode.app/Contents/Developer/usr/bin/make  -f CMakeFiles/cmTC_06ef3.dir/build.make CMakeFiles/cmTC_06ef3.dir/build
Building C object CMakeFiles/cmTC_06ef3.dir/src.c.o
/Applications/Xcode.app/Contents/Developer/Toolchains/XcodeDefault.xctoolchain/usr/bin/cc -DFLAG_SUPPORTED_Werror  -fno-stack-protector -U_FORTIFY_SOURCE -std=c89 -pedantic -Wall -Wextra  -isysroot /Applications/Xcode.app/Contents/Developer/Platforms/MacOSX.platform/Developer/SDKs/MacOSX11.3.sdk -mmacosx-version-min=11.1   -Werror -MD -MT CMakeFiles/cmTC_06ef3.dir/src.c.o -MF CMakeFiles/cmTC_06ef3.dir/src.c.o.d -o CMakeFiles/cmTC_06ef3.dir/src.c.o -c /Users/ylliu/code/tools/wasm/demo/CMakeFiles/CMakeTmp/src.c
Linking C executable cmTC_06ef3
/usr/local/Cellar/cmake/3.20.2/bin/cmake -E cmake_link_script CMakeFiles/cmTC_06ef3.dir/link.txt --verbose=1
/Applications/Xcode.app/Contents/Developer/Toolchains/XcodeDefault.xctoolchain/usr/bin/cc -fno-stack-protector -U_FORTIFY_SOURCE -std=c89 -pedantic -Wall -Wextra  -isysroot /Applications/Xcode.app/Contents/Developer/Platforms/MacOSX.platform/Developer/SDKs/MacOSX11.3.sdk -mmacosx-version-min=11.1 -Wl,-search_paths_first -Wl,-headerpad_max_install_names CMakeFiles/cmTC_06ef3.dir/src.c.o -o cmTC_06ef3 


Source file was:
int main(void) { return 0; }
Performing C SOURCE FILE Test FLAG_SUPPORTED_Wstrictprototypes succeeded with the following output:
Change Dir: /Users/ylliu/code/tools/wasm/demo/CMakeFiles/CMakeTmp

Run Build Command(s):/usr/bin/make -f Makefile cmTC_0e9f4/fast && /Applications/Xcode.app/Contents/Developer/usr/bin/make  -f CMakeFiles/cmTC_0e9f4.dir/build.make CMakeFiles/cmTC_0e9f4.dir/build
Building C object CMakeFiles/cmTC_0e9f4.dir/src.c.o
/Applications/Xcode.app/Contents/Developer/Toolchains/XcodeDefault.xctoolchain/usr/bin/cc -DFLAG_SUPPORTED_Wstrictprototypes  -fno-stack-protector -U_FORTIFY_SOURCE -std=c89 -pedantic -Wall -Wextra -Werror  -isysroot /Applications/Xcode.app/Contents/Developer/Platforms/MacOSX.platform/Developer/SDKs/MacOSX11.3.sdk -mmacosx-version-min=11.1   -Wstrict-prototypes -MD -MT CMakeFiles/cmTC_0e9f4.dir/src.c.o -MF CMakeFiles/cmTC_0e9f4.dir/src.c.o.d -o CMakeFiles/cmTC_0e9f4.dir/src.c.o -c /Users/ylliu/code/tools/wasm/demo/CMakeFiles/CMakeTmp/src.c
Linking C executable cmTC_0e9f4
/usr/local/Cellar/cmake/3.20.2/bin/cmake -E cmake_link_script CMakeFiles/cmTC_0e9f4.dir/link.txt --verbose=1
/Applications/Xcode.app/Contents/Developer/Toolchains/XcodeDefault.xctoolchain/usr/bin/cc -fno-stack-protector -U_FORTIFY_SOURCE -std=c89 -pedantic -Wall -Wextra -Werror  -isysroot /Applications/Xcode.app/Contents/Developer/Platforms/MacOSX.platform/Developer/SDKs/MacOSX11.3.sdk -mmacosx-version-min=11.1 -Wl,-search_paths_first -Wl,-headerpad_max_install_names CMakeFiles/cmTC_0e9f4.dir/src.c.o -o cmTC_0e9f4 


Source file was:
int main(void) { return 0; }
Performing C SOURCE FILE Test FLAG_SUPPORTED_Wwritestrings succeeded with the following output:
Change Dir: /Users/ylliu/code/tools/wasm/demo/CMakeFiles/CMakeTmp

Run Build Command(s):/usr/bin/make -f Makefile cmTC_afd13/fast && /Applications/Xcode.app/Contents/Developer/usr/bin/make  -f CMakeFiles/cmTC_afd13.dir/build.make CMakeFiles/cmTC_afd13.dir/build
Building C object CMakeFiles/cmTC_afd13.dir/src.c.o
/Applications/Xcode.app/Contents/Developer/Toolchains/XcodeDefault.xctoolchain/usr/bin/cc -DFLAG_SUPPORTED_Wwritestrings  -fno-stack-protector -U_FORTIFY_SOURCE -std=c89 -pedantic -Wall -Wextra -Werror -Wstrict-prototypes  -isysroot /Applications/Xcode.app/Contents/Developer/Platforms/MacOSX.platform/Developer/SDKs/MacOSX11.3.sdk -mmacosx-version-min=11.1   -Wwrite-strings -MD -MT CMakeFiles/cmTC_afd13.dir/src.c.o -MF CMakeFiles/cmTC_afd13.dir/src.c.o.d -o CMakeFiles/cmTC_afd13.dir/src.c.o -c /Users/ylliu/code/tools/wasm/demo/CMakeFiles/CMakeTmp/src.c
Linking C executable cmTC_afd13
/usr/local/Cellar/cmake/3.20.2/bin/cmake -E cmake_link_script CMakeFiles/cmTC_afd13.dir/link.txt --verbose=1
/Applications/Xcode.app/Contents/Developer/Toolchains/XcodeDefault.xctoolchain/usr/bin/cc -fno-stack-protector -U_FORTIFY_SOURCE -std=c89 -pedantic -Wall -Wextra -Werror -Wstrict-prototypes  -isysroot /Applications/Xcode.app/Contents/Developer/Platforms/MacOSX.platform/Developer/SDKs/MacOSX11.3.sdk -mmacosx-version-min=11.1 -Wl,-search_paths_first -Wl,-headerpad_max_install_names CMakeFiles/cmTC_afd13.dir/src.c.o -o cmTC_afd13 


Source file was:
int main(void) { return 0; }
Performing C SOURCE FILE Test FLAG_SUPPORTED_Wshadow succeeded with the following output:
Change Dir: /Users/ylliu/code/tools/wasm/demo/CMakeFiles/CMakeTmp

Run Build Command(s):/usr/bin/make -f Makefile cmTC_f88db/fast && /Applications/Xcode.app/Contents/Developer/usr/bin/make  -f CMakeFiles/cmTC_f88db.dir/build.make CMakeFiles/cmTC_f88db.dir/build
Building C object CMakeFiles/cmTC_f88db.dir/src.c.o
/Applications/Xcode.app/Contents/Developer/Toolchains/XcodeDefault.xctoolchain/usr/bin/cc -DFLAG_SUPPORTED_Wshadow  -fno-stack-protector -U_FORTIFY_SOURCE -std=c89 -pedantic -Wall -Wextra -Werror -Wstrict-prototypes -Wwrite-strings  -isysroot /Applications/Xcode.app/Contents/Developer/Platforms/MacOSX.platform/Developer/SDKs/MacOSX11.3.sdk -mmacosx-version-min=11.1   -Wshadow -MD -MT CMakeFiles/cmTC_f88db.dir/src.c.o -MF CMakeFiles/cmTC_f88db.dir/src.c.o.d -o CMakeFiles/cmTC_f88db.dir/src.c.o -c /Users/ylliu/code/tools/wasm/demo/CMakeFiles/CMakeTmp/src.c
Linking C executable cmTC_f88db
/usr/local/Cellar/cmake/3.20.2/bin/cmake -E cmake_link_script CMakeFiles/cmTC_f88db.dir/link.txt --verbose=1
/Applications/Xcode.app/Contents/Developer/Toolchains/XcodeDefault.xctoolchain/usr/bin/cc -fno-stack-protector -U_FORTIFY_SOURCE -std=c89 -pedantic -Wall -Wextra -Werror -Wstrict-prototypes -Wwrite-strings  -isysroot /Applications/Xcode.app/Contents/Developer/Platforms/MacOSX.platform/Developer/SDKs/MacOSX11.3.sdk -mmacosx-version-min=11.1 -Wl,-search_paths_first -Wl,-headerpad_max_install_names CMakeFiles/cmTC_f88db.dir/src.c.o -o cmTC_f88db 


Source file was:
int main(void) { return 0; }
Performing C SOURCE FILE Test FLAG_SUPPORTED_Winitself succeeded with the following output:
Change Dir: /Users/ylliu/code/tools/wasm/demo/CMakeFiles/CMakeTmp

Run Build Command(s):/usr/bin/make -f Makefile cmTC_a17be/fast && /Applications/Xcode.app/Contents/Developer/usr/bin/make  -f CMakeFiles/cmTC_a17be.dir/build.make CMakeFiles/cmTC_a17be.dir/build
Building C object CMakeFiles/cmTC_a17be.dir/src.c.o
/Applications/Xcode.app/Contents/Developer/Toolchains/XcodeDefault.xctoolchain/usr/bin/cc -DFLAG_SUPPORTED_Winitself  -fno-stack-protector -U_FORTIFY_SOURCE -std=c89 -pedantic -Wall -Wextra -Werror -Wstrict-prototypes -Wwrite-strings -Wshadow  -isysroot /Applications/Xcode.app/Contents/Developer/Platforms/MacOSX.platform/Developer/SDKs/MacOSX11.3.sdk -mmacosx-version-min=11.1   -Winit-self -MD -MT CMakeFiles/cmTC_a17be.dir/src.c.o -MF CMakeFiles/cmTC_a17be.dir/src.c.o.d -o CMakeFiles/cmTC_a17be.dir/src.c.o -c /Users/ylliu/code/tools/wasm/demo/CMakeFiles/CMakeTmp/src.c
Linking C executable cmTC_a17be
/usr/local/Cellar/cmake/3.20.2/bin/cmake -E cmake_link_script CMakeFiles/cmTC_a17be.dir/link.txt --verbose=1
/Applications/Xcode.app/Contents/Developer/Toolchains/XcodeDefault.xctoolchain/usr/bin/cc -fno-stack-protector -U_FORTIFY_SOURCE -std=c89 -pedantic -Wall -Wextra -Werror -Wstrict-prototypes -Wwrite-strings -Wshadow  -isysroot /Applications/Xcode.app/Contents/Developer/Platforms/MacOSX.platform/Developer/SDKs/MacOSX11.3.sdk -mmacosx-version-min=11.1 -Wl,-search_paths_first -Wl,-headerpad_max_install_names CMakeFiles/cmTC_a17be.dir/src.c.o -o cmTC_a17be 


Source file was:
int main(void) { return 0; }
Performing C SOURCE FILE Test FLAG_SUPPORTED_Wcastalign succeeded with the following output:
Change Dir: /Users/ylliu/code/tools/wasm/demo/CMakeFiles/CMakeTmp

Run Build Command(s):/usr/bin/make -f Makefile cmTC_a5129/fast && /Applications/Xcode.app/Contents/Developer/usr/bin/make  -f CMakeFiles/cmTC_a5129.dir/build.make CMakeFiles/cmTC_a5129.dir/build
Building C object CMakeFiles/cmTC_a5129.dir/src.c.o
/Applications/Xcode.app/Contents/Developer/Toolchains/XcodeDefault.xctoolchain/usr/bin/cc -DFLAG_SUPPORTED_Wcastalign  -fno-stack-protector -U_FORTIFY_SOURCE -std=c89 -pedantic -Wall -Wextra -Werror -Wstrict-prototypes -Wwrite-strings -Wshadow -Winit-self  -isysroot /Applications/Xcode.app/Contents/Developer/Platforms/MacOSX.platform/Developer/SDKs/MacOSX11.3.sdk -mmacosx-version-min=11.1   -Wcast-align -MD -MT CMakeFiles/cmTC_a5129.dir/src.c.o -MF CMakeFiles/cmTC_a5129.dir/src.c.o.d -o CMakeFiles/cmTC_a5129.dir/src.c.o -c /Users/ylliu/code/tools/wasm/demo/CMakeFiles/CMakeTmp/src.c
Linking C executable cmTC_a5129
/usr/local/Cellar/cmake/3.20.2/bin/cmake -E cmake_link_script CMakeFiles/cmTC_a5129.dir/link.txt --verbose=1
/Applications/Xcode.app/Contents/Developer/Toolchains/XcodeDefault.xctoolchain/usr/bin/cc -fno-stack-protector -U_FORTIFY_SOURCE -std=c89 -pedantic -Wall -Wextra -Werror -Wstrict-prototypes -Wwrite-strings -Wshadow -Winit-self  -isysroot /Applications/Xcode.app/Contents/Developer/Platforms/MacOSX.platform/Developer/SDKs/MacOSX11.3.sdk -mmacosx-version-min=11.1 -Wl,-search_paths_first -Wl,-headerpad_max_install_names CMakeFiles/cmTC_a5129.dir/src.c.o -o cmTC_a5129 


Source file was:
int main(void) { return 0; }
Performing C SOURCE FILE Test FLAG_SUPPORTED_Wformat2 succeeded with the following output:
Change Dir: /Users/ylliu/code/tools/wasm/demo/CMakeFiles/CMakeTmp

Run Build Command(s):/usr/bin/make -f Makefile cmTC_c3172/fast && /Applications/Xcode.app/Contents/Developer/usr/bin/make  -f CMakeFiles/cmTC_c3172.dir/build.make CMakeFiles/cmTC_c3172.dir/build
Building C object CMakeFiles/cmTC_c3172.dir/src.c.o
/Applications/Xcode.app/Contents/Developer/Toolchains/XcodeDefault.xctoolchain/usr/bin/cc -DFLAG_SUPPORTED_Wformat2  -fno-stack-protector -U_FORTIFY_SOURCE -std=c89 -pedantic -Wall -Wextra -Werror -Wstrict-prototypes -Wwrite-strings -Wshadow -Winit-self -Wcast-align  -isysroot /Applications/Xcode.app/Contents/Developer/Platforms/MacOSX.platform/Developer/SDKs/MacOSX11.3.sdk -mmacosx-version-min=11.1   -Wformat=2 -MD -MT CMakeFiles/cmTC_c3172.dir/src.c.o -MF CMakeFiles/cmTC_c3172.dir/src.c.o.d -o CMakeFiles/cmTC_c3172.dir/src.c.o -c /Users/ylliu/code/tools/wasm/demo/CMakeFiles/CMakeTmp/src.c
Linking C executable cmTC_c3172
/usr/local/Cellar/cmake/3.20.2/bin/cmake -E cmake_link_script CMakeFiles/cmTC_c3172.dir/link.txt --verbose=1
/Applications/Xcode.app/Contents/Developer/Toolchains/XcodeDefault.xctoolchain/usr/bin/cc -fno-stack-protector -U_FORTIFY_SOURCE -std=c89 -pedantic -Wall -Wextra -Werror -Wstrict-prototypes -Wwrite-strings -Wshadow -Winit-self -Wcast-align  -isysroot /Applications/Xcode.app/Contents/Developer/Platforms/MacOSX.platform/Developer/SDKs/MacOSX11.3.sdk -mmacosx-version-min=11.1 -Wl,-search_paths_first -Wl,-headerpad_max_install_names CMakeFiles/cmTC_c3172.dir/src.c.o -o cmTC_c3172 


Source file was:
int main(void) { return 0; }
Performing C SOURCE FILE Test FLAG_SUPPORTED_Wmissingprototypes succeeded with the following output:
Change Dir: /Users/ylliu/code/tools/wasm/demo/CMakeFiles/CMakeTmp

Run Build Command(s):/usr/bin/make -f Makefile cmTC_3b689/fast && /Applications/Xcode.app/Contents/Developer/usr/bin/make  -f CMakeFiles/cmTC_3b689.dir/build.make CMakeFiles/cmTC_3b689.dir/build
Building C object CMakeFiles/cmTC_3b689.dir/src.c.o
/Applications/Xcode.app/Contents/Developer/Toolchains/XcodeDefault.xctoolchain/usr/bin/cc -DFLAG_SUPPORTED_Wmissingprototypes  -fno-stack-protector -U_FORTIFY_SOURCE -std=c89 -pedantic -Wall -Wextra -Werror -Wstrict-prototypes -Wwrite-strings -Wshadow -Winit-self -Wcast-align -Wformat=2  -isysroot /Applications/Xcode.app/Contents/Developer/Platforms/MacOSX.platform/Developer/SDKs/MacOSX11.3.sdk -mmacosx-version-min=11.1   -Wmissing-prototypes -MD -MT CMakeFiles/cmTC_3b689.dir/src.c.o -MF CMakeFiles/cmTC_3b689.dir/src.c.o.d -o CMakeFiles/cmTC_3b689.dir/src.c.o -c /Users/ylliu/code/tools/wasm/demo/CMakeFiles/CMakeTmp/src.c
Linking C executable cmTC_3b689
/usr/local/Cellar/cmake/3.20.2/bin/cmake -E cmake_link_script CMakeFiles/cmTC_3b689.dir/link.txt --verbose=1
/Applications/Xcode.app/Contents/Developer/Toolchains/XcodeDefault.xctoolchain/usr/bin/cc -fno-stack-protector -U_FORTIFY_SOURCE -std=c89 -pedantic -Wall -Wextra -Werror -Wstrict-prototypes -Wwrite-strings -Wshadow -Winit-self -Wcast-align -Wformat=2  -isysroot /Applications/Xcode.app/Contents/Developer/Platforms/MacOSX.platform/Developer/SDKs/MacOSX11.3.sdk -mmacosx-version-min=11.1 -Wl,-search_paths_first -Wl,-headerpad_max_install_names CMakeFiles/cmTC_3b689.dir/src.c.o -o cmTC_3b689 


Source file was:
int main(void) { return 0; }
Performing C SOURCE FILE Test FLAG_SUPPORTED_Wstrictoverflow2 succeeded with the following output:
Change Dir: /Users/ylliu/code/tools/wasm/demo/CMakeFiles/CMakeTmp

Run Build Command(s):/usr/bin/make -f Makefile cmTC_c7fe7/fast && /Applications/Xcode.app/Contents/Developer/usr/bin/make  -f CMakeFiles/cmTC_c7fe7.dir/build.make CMakeFiles/cmTC_c7fe7.dir/build
Building C object CMakeFiles/cmTC_c7fe7.dir/src.c.o
/Applications/Xcode.app/Contents/Developer/Toolchains/XcodeDefault.xctoolchain/usr/bin/cc -DFLAG_SUPPORTED_Wstrictoverflow2  -fno-stack-protector -U_FORTIFY_SOURCE -std=c89 -pedantic -Wall -Wextra -Werror -Wstrict-prototypes -Wwrite-strings -Wshadow -Winit-self -Wcast-align -Wformat=2 -Wmissing-prototypes  -isysroot /Applications/Xcode.app/Contents/Developer/Platforms/MacOSX.platform/Developer/SDKs/MacOSX11.3.sdk -mmacosx-version-min=11.1   -Wstrict-overflow=2 -MD -MT CMakeFiles/cmTC_c7fe7.dir/src.c.o -MF CMakeFiles/cmTC_c7fe7.dir/src.c.o.d -o CMakeFiles/cmTC_c7fe7.dir/src.c.o -c /Users/ylliu/code/tools/wasm/demo/CMakeFiles/CMakeTmp/src.c
Linking C executable cmTC_c7fe7
/usr/local/Cellar/cmake/3.20.2/bin/cmake -E cmake_link_script CMakeFiles/cmTC_c7fe7.dir/link.txt --verbose=1
/Applications/Xcode.app/Contents/Developer/Toolchains/XcodeDefault.xctoolchain/usr/bin/cc -fno-stack-protector -U_FORTIFY_SOURCE -std=c89 -pedantic -Wall -Wextra -Werror -Wstrict-prototypes -Wwrite-strings -Wshadow -Winit-self -Wcast-align -Wformat=2 -Wmissing-prototypes  -isysroot /Applications/Xcode.app/Contents/Developer/Platforms/MacOSX.platform/Developer/SDKs/MacOSX11.3.sdk -mmacosx-version-min=11.1 -Wl,-search_paths_first -Wl,-headerpad_max_install_names CMakeFiles/cmTC_c7fe7.dir/src.c.o -o cmTC_c7fe7 


Source file was:
int main(void) { return 0; }
Performing C SOURCE FILE Test FLAG_SUPPORTED_Wcastqual succeeded with the following output:
Change Dir: /Users/ylliu/code/tools/wasm/demo/CMakeFiles/CMakeTmp

Run Build Command(s):/usr/bin/make -f Makefile cmTC_20409/fast && /Applications/Xcode.app/Contents/Developer/usr/bin/make  -f CMakeFiles/cmTC_20409.dir/build.make CMakeFiles/cmTC_20409.dir/build
Building C object CMakeFiles/cmTC_20409.dir/src.c.o
/Applications/Xcode.app/Contents/Developer/Toolchains/XcodeDefault.xctoolchain/usr/bin/cc -DFLAG_SUPPORTED_Wcastqual  -fno-stack-protector -U_FORTIFY_SOURCE -std=c89 -pedantic -Wall -Wextra -Werror -Wstrict-prototypes -Wwrite-strings -Wshadow -Winit-self -Wcast-align -Wformat=2 -Wmissing-prototypes -Wstrict-overflow=2  -isysroot /Applications/Xcode.app/Contents/Developer/Platforms/MacOSX.platform/Developer/SDKs/MacOSX11.3.sdk -mmacosx-version-min=11.1   -Wcast-qual -MD -MT CMakeFiles/cmTC_20409.dir/src.c.o -MF CMakeFiles/cmTC_20409.dir/src.c.o.d -o CMakeFiles/cmTC_20409.dir/src.c.o -c /Users/ylliu/code/tools/wasm/demo/CMakeFiles/CMakeTmp/src.c
Linking C executable cmTC_20409
/usr/local/Cellar/cmake/3.20.2/bin/cmake -E cmake_link_script CMakeFiles/cmTC_20409.dir/link.txt --verbose=1
/Applications/Xcode.app/Contents/Developer/Toolchains/XcodeDefault.xctoolchain/usr/bin/cc -fno-stack-protector -U_FORTIFY_SOURCE -std=c89 -pedantic -Wall -Wextra -Werror -Wstrict-prototypes -Wwrite-strings -Wshadow -Winit-self -Wcast-align -Wformat=2 -Wmissing-prototypes -Wstrict-overflow=2  -isysroot /Applications/Xcode.app/Contents/Developer/Platforms/MacOSX.platform/Developer/SDKs/MacOSX11.3.sdk -mmacosx-version-min=11.1 -Wl,-search_paths_first -Wl,-headerpad_max_install_names CMakeFiles/cmTC_20409.dir/src.c.o -o cmTC_20409 


Source file was:
int main(void) { return 0; }
Performing C SOURCE FILE Test FLAG_SUPPORTED_Wundef succeeded with the following output:
Change Dir: /Users/ylliu/code/tools/wasm/demo/CMakeFiles/CMakeTmp

Run Build Command(s):/usr/bin/make -f Makefile cmTC_4dc1f/fast && /Applications/Xcode.app/Contents/Developer/usr/bin/make  -f CMakeFiles/cmTC_4dc1f.dir/build.make CMakeFiles/cmTC_4dc1f.dir/build
Building C object CMakeFiles/cmTC_4dc1f.dir/src.c.o
/Applications/Xcode.app/Contents/Developer/Toolchains/XcodeDefault.xctoolchain/usr/bin/cc -DFLAG_SUPPORTED_Wundef  -fno-stack-protector -U_FORTIFY_SOURCE -std=c89 -pedantic -Wall -Wextra -Werror -Wstrict-prototypes -Wwrite-strings -Wshadow -Winit-self -Wcast-align -Wformat=2 -Wmissing-prototypes -Wstrict-overflow=2 -Wcast-qual  -isysroot /Applications/Xcode.app/Contents/Developer/Platforms/MacOSX.platform/Developer/SDKs/MacOSX11.3.sdk -mmacosx-version-min=11.1   -Wundef -MD -MT CMakeFiles/cmTC_4dc1f.dir/src.c.o -MF CMakeFiles/cmTC_4dc1f.dir/src.c.o.d -o CMakeFiles/cmTC_4dc1f.dir/src.c.o -c /Users/ylliu/code/tools/wasm/demo/CMakeFiles/CMakeTmp/src.c
Linking C executable cmTC_4dc1f
/usr/local/Cellar/cmake/3.20.2/bin/cmake -E cmake_link_script CMakeFiles/cmTC_4dc1f.dir/link.txt --verbose=1
/Applications/Xcode.app/Contents/Developer/Toolchains/XcodeDefault.xctoolchain/usr/bin/cc -fno-stack-protector -U_FORTIFY_SOURCE -std=c89 -pedantic -Wall -Wextra -Werror -Wstrict-prototypes -Wwrite-strings -Wshadow -Winit-self -Wcast-align -Wformat=2 -Wmissing-prototypes -Wstrict-overflow=2 -Wcast-qual  -isysroot /Applications/Xcode.app/Contents/Developer/Platforms/MacOSX.platform/Developer/SDKs/MacOSX11.3.sdk -mmacosx-version-min=11.1 -Wl,-search_paths_first -Wl,-headerpad_max_install_names CMakeFiles/cmTC_4dc1f.dir/src.c.o -o cmTC_4dc1f 


Source file was:
int main(void) { return 0; }
Performing C SOURCE FILE Test FLAG_SUPPORTED_Wswitchdefault succeeded with the following output:
Change Dir: /Users/ylliu/code/tools/wasm/demo/CMakeFiles/CMakeTmp

Run Build Command(s):/usr/bin/make -f Makefile cmTC_24276/fast && /Applications/Xcode.app/Contents/Developer/usr/bin/make  -f CMakeFiles/cmTC_24276.dir/build.make CMakeFiles/cmTC_24276.dir/build
Building C object CMakeFiles/cmTC_24276.dir/src.c.o
/Applications/Xcode.app/Contents/Developer/Toolchains/XcodeDefault.xctoolchain/usr/bin/cc -DFLAG_SUPPORTED_Wswitchdefault  -fno-stack-protector -U_FORTIFY_SOURCE -std=c89 -pedantic -Wall -Wextra -Werror -Wstrict-prototypes -Wwrite-strings -Wshadow -Winit-self -Wcast-align -Wformat=2 -Wmissing-prototypes -Wstrict-overflow=2 -Wcast-qual -Wundef  -isysroot /Applications/Xcode.app/Contents/Developer/Platforms/MacOSX.platform/Developer/SDKs/MacOSX11.3.sdk -mmacosx-version-min=11.1   -Wswitch-default -MD -MT CMakeFiles/cmTC_24276.dir/src.c.o -MF CMakeFiles/cmTC_24276.dir/src.c.o.d -o CMakeFiles/cmTC_24276.dir/src.c.o -c /Users/ylliu/code/tools/wasm/demo/CMakeFiles/CMakeTmp/src.c
Linking C executable cmTC_24276
/usr/local/Cellar/cmake/3.20.2/bin/cmake -E cmake_link_script CMakeFiles/cmTC_24276.dir/link.txt --verbose=1
/Applications/Xcode.app/Contents/Developer/Toolchains/XcodeDefault.xctoolchain/usr/bin/cc -fno-stack-protector -U_FORTIFY_SOURCE -std=c89 -pedantic -Wall -Wextra -Werror -Wstrict-prototypes -Wwrite-strings -Wshadow -Winit-self -Wcast-align -Wformat=2 -Wmissing-prototypes -Wstrict-overflow=2 -Wcast-qual -Wundef  -isysroot /Applications/Xcode.app/Contents/Developer/Platforms/MacOSX.platform/Developer/SDKs/MacOSX11.3.sdk -mmacosx-version-min=11.1 -Wl,-search_paths_first -Wl,-headerpad_max_install_names CMakeFiles/cmTC_24276.dir/src.c.o -o cmTC_24276 


Source file was:
int main(void) { return 0; }
Performing C SOURCE FILE Test FLAG_SUPPORTED_Wconversion succeeded with the following output:
Change Dir: /Users/ylliu/code/tools/wasm/demo/CMakeFiles/CMakeTmp

Run Build Command(s):/usr/bin/make -f Makefile cmTC_cb3dc/fast && /Applications/Xcode.app/Contents/Developer/usr/bin/make  -f CMakeFiles/cmTC_cb3dc.dir/build.make CMakeFiles/cmTC_cb3dc.dir/build
Building C object CMakeFiles/cmTC_cb3dc.dir/src.c.o
/Applications/Xcode.app/Contents/Developer/Toolchains/XcodeDefault.xctoolchain/usr/bin/cc -DFLAG_SUPPORTED_Wconversion  -fno-stack-protector -U_FORTIFY_SOURCE -std=c89 -pedantic -Wall -Wextra -Werror -Wstrict-prototypes -Wwrite-strings -Wshadow -Winit-self -Wcast-align -Wformat=2 -Wmissing-prototypes -Wstrict-overflow=2 -Wcast-qual -Wundef -Wswitch-default  -isysroot /Applications/Xcode.app/Contents/Developer/Platforms/MacOSX.platform/Developer/SDKs/MacOSX11.3.sdk -mmacosx-version-min=11.1   -Wconversion -MD -MT CMakeFiles/cmTC_cb3dc.dir/src.c.o -MF CMakeFiles/cmTC_cb3dc.dir/src.c.o.d -o CMakeFiles/cmTC_cb3dc.dir/src.c.o -c /Users/ylliu/code/tools/wasm/demo/CMakeFiles/CMakeTmp/src.c
Linking C executable cmTC_cb3dc
/usr/local/Cellar/cmake/3.20.2/bin/cmake -E cmake_link_script CMakeFiles/cmTC_cb3dc.dir/link.txt --verbose=1
/Applications/Xcode.app/Contents/Developer/Toolchains/XcodeDefault.xctoolchain/usr/bin/cc -fno-stack-protector -U_FORTIFY_SOURCE -std=c89 -pedantic -Wall -Wextra -Werror -Wstrict-prototypes -Wwrite-strings -Wshadow -Winit-self -Wcast-align -Wformat=2 -Wmissing-prototypes -Wstrict-overflow=2 -Wcast-qual -Wundef -Wswitch-default  -isysroot /Applications/Xcode.app/Contents/Developer/Platforms/MacOSX.platform/Developer/SDKs/MacOSX11.3.sdk -mmacosx-version-min=11.1 -Wl,-search_paths_first -Wl,-headerpad_max_install_names CMakeFiles/cmTC_cb3dc.dir/src.c.o -o cmTC_cb3dc 


Source file was:
int main(void) { return 0; }
Performing C SOURCE FILE Test FLAG_SUPPORTED_Wccompat succeeded with the following output:
Change Dir: /Users/ylliu/code/tools/wasm/demo/CMakeFiles/CMakeTmp

Run Build Command(s):/usr/bin/make -f Makefile cmTC_1aa0b/fast && /Applications/Xcode.app/Contents/Developer/usr/bin/make  -f CMakeFiles/cmTC_1aa0b.dir/build.make CMakeFiles/cmTC_1aa0b.dir/build
Building C object CMakeFiles/cmTC_1aa0b.dir/src.c.o
/Applications/Xcode.app/Contents/Developer/Toolchains/XcodeDefault.xctoolchain/usr/bin/cc -DFLAG_SUPPORTED_Wccompat  -fno-stack-protector -U_FORTIFY_SOURCE -std=c89 -pedantic -Wall -Wextra -Werror -Wstrict-prototypes -Wwrite-strings -Wshadow -Winit-self -Wcast-align -Wformat=2 -Wmissing-prototypes -Wstrict-overflow=2 -Wcast-qual -Wundef -Wswitch-default -Wconversion  -isysroot /Applications/Xcode.app/Contents/Developer/Platforms/MacOSX.platform/Developer/SDKs/MacOSX11.3.sdk -mmacosx-version-min=11.1   -Wc++-compat -MD -MT CMakeFiles/cmTC_1aa0b.dir/src.c.o -MF CMakeFiles/cmTC_1aa0b.dir/src.c.o.d -o CMakeFiles/cmTC_1aa0b.dir/src.c.o -c /Users/ylliu/code/tools/wasm/demo/CMakeFiles/CMakeTmp/src.c
Linking C executable cmTC_1aa0b
/usr/local/Cellar/cmake/3.20.2/bin/cmake -E cmake_link_script CMakeFiles/cmTC_1aa0b.dir/link.txt --verbose=1
/Applications/Xcode.app/Contents/Developer/Toolchains/XcodeDefault.xctoolchain/usr/bin/cc -fno-stack-protector -U_FORTIFY_SOURCE -std=c89 -pedantic -Wall -Wextra -Werror -Wstrict-prototypes -Wwrite-strings -Wshadow -Winit-self -Wcast-align -Wformat=2 -Wmissing-prototypes -Wstrict-overflow=2 -Wcast-qual -Wundef -Wswitch-default -Wconversion  -isysroot /Applications/Xcode.app/Contents/Developer/Platforms/MacOSX.platform/Developer/SDKs/MacOSX11.3.sdk -mmacosx-version-min=11.1 -Wl,-search_paths_first -Wl,-headerpad_max_install_names CMakeFiles/cmTC_1aa0b.dir/src.c.o -o cmTC_1aa0b 


Source file was:
int main(void) { return 0; }
Performing C SOURCE FILE Test FLAG_SUPPORTED_fstackprotectorstrong succeeded with the following output:
Change Dir: /Users/ylliu/code/tools/wasm/demo/CMakeFiles/CMakeTmp

Run Build Command(s):/usr/bin/make -f Makefile cmTC_a24b7/fast && /Applications/Xcode.app/Contents/Developer/usr/bin/make  -f CMakeFiles/cmTC_a24b7.dir/build.make CMakeFiles/cmTC_a24b7.dir/build
Building C object CMakeFiles/cmTC_a24b7.dir/src.c.o
/Applications/Xcode.app/Contents/Developer/Toolchains/XcodeDefault.xctoolchain/usr/bin/cc -DFLAG_SUPPORTED_fstackprotectorstrong  -fno-stack-protector -U_FORTIFY_SOURCE -std=c89 -pedantic -Wall -Wextra -Werror -Wstrict-prototypes -Wwrite-strings -Wshadow -Winit-self -Wcast-align -Wformat=2 -Wmissing-prototypes -Wstrict-overflow=2 -Wcast-qual -Wundef -Wswitch-default -Wconversion -Wc++-compat  -isysroot /Applications/Xcode.app/Contents/Developer/Platforms/MacOSX.platform/Developer/SDKs/MacOSX11.3.sdk -mmacosx-version-min=11.1   -fstack-protector-strong -MD -MT CMakeFiles/cmTC_a24b7.dir/src.c.o -MF CMakeFiles/cmTC_a24b7.dir/src.c.o.d -o CMakeFiles/cmTC_a24b7.dir/src.c.o -c /Users/ylliu/code/tools/wasm/demo/CMakeFiles/CMakeTmp/src.c
Linking C executable cmTC_a24b7
/usr/local/Cellar/cmake/3.20.2/bin/cmake -E cmake_link_script CMakeFiles/cmTC_a24b7.dir/link.txt --verbose=1
/Applications/Xcode.app/Contents/Developer/Toolchains/XcodeDefault.xctoolchain/usr/bin/cc -fno-stack-protector -U_FORTIFY_SOURCE -std=c89 -pedantic -Wall -Wextra -Werror -Wstrict-prototypes -Wwrite-strings -Wshadow -Winit-self -Wcast-align -Wformat=2 -Wmissing-prototypes -Wstrict-overflow=2 -Wcast-qual -Wundef -Wswitch-default -Wconversion -Wc++-compat  -isysroot /Applications/Xcode.app/Contents/Developer/Platforms/MacOSX.platform/Developer/SDKs/MacOSX11.3.sdk -mmacosx-version-min=11.1 -Wl,-search_paths_first -Wl,-headerpad_max_install_names CMakeFiles/cmTC_a24b7.dir/src.c.o -o cmTC_a24b7 


Source file was:
int main(void) { return 0; }
Performing C SOURCE FILE Test FLAG_SUPPORTED_Wcomma succeeded with the following output:
Change Dir: /Users/ylliu/code/tools/wasm/demo/CMakeFiles/CMakeTmp

Run Build Command(s):/usr/bin/make -f Makefile cmTC_561b3/fast && /Applications/Xcode.app/Contents/Developer/usr/bin/make  -f CMakeFiles/cmTC_561b3.dir/build.make CMakeFiles/cmTC_561b3.dir/build
Building C object CMakeFiles/cmTC_561b3.dir/src.c.o
/Applications/Xcode.app/Contents/Developer/Toolchains/XcodeDefault.xctoolchain/usr/bin/cc -DFLAG_SUPPORTED_Wcomma  -fno-stack-protector -U_FORTIFY_SOURCE -std=c89 -pedantic -Wall -Wextra -Werror -Wstrict-prototypes -Wwrite-strings -Wshadow -Winit-self -Wcast-align -Wformat=2 -Wmissing-prototypes -Wstrict-overflow=2 -Wcast-qual -Wundef -Wswitch-default -Wconversion -Wc++-compat -fstack-protector-strong  -isysroot /Applications/Xcode.app/Contents/Developer/Platforms/MacOSX.platform/Developer/SDKs/MacOSX11.3.sdk -mmacosx-version-min=11.1   -Wcomma -MD -MT CMakeFiles/cmTC_561b3.dir/src.c.o -MF CMakeFiles/cmTC_561b3.dir/src.c.o.d -o CMakeFiles/cmTC_561b3.dir/src.c.o -c /Users/ylliu/code/tools/wasm/demo/CMakeFiles/CMakeTmp/src.c
Linking C executable cmTC_561b3
/usr/local/Cellar/cmake/3.20.2/bin/cmake -E cmake_link_script CMakeFiles/cmTC_561b3.dir/link.txt --verbose=1
/Applications/Xcode.app/Contents/Developer/Toolchains/XcodeDefault.xctoolchain/usr/bin/cc -fno-stack-protector -U_FORTIFY_SOURCE -std=c89 -pedantic -Wall -Wextra -Werror -Wstrict-prototypes -Wwrite-strings -Wshadow -Winit-self -Wcast-align -Wformat=2 -Wmissing-prototypes -Wstrict-overflow=2 -Wcast-qual -Wundef -Wswitch-default -Wconversion -Wc++-compat -fstack-protector-strong  -isysroot /Applications/Xcode.app/Contents/Developer/Platforms/MacOSX.platform/Developer/SDKs/MacOSX11.3.sdk -mmacosx-version-min=11.1 -Wl,-search_paths_first -Wl,-headerpad_max_install_names CMakeFiles/cmTC_561b3.dir/src.c.o -o cmTC_561b3 


Source file was:
int main(void) { return 0; }
Performing C SOURCE FILE Test FLAG_SUPPORTED_Wdoublepromotion succeeded with the following output:
Change Dir: /Users/ylliu/code/tools/wasm/demo/CMakeFiles/CMakeTmp

Run Build Command(s):/usr/bin/make -f Makefile cmTC_b18b0/fast && /Applications/Xcode.app/Contents/Developer/usr/bin/make  -f CMakeFiles/cmTC_b18b0.dir/build.make CMakeFiles/cmTC_b18b0.dir/build
Building C object CMakeFiles/cmTC_b18b0.dir/src.c.o
/Applications/Xcode.app/Contents/Developer/Toolchains/XcodeDefault.xctoolchain/usr/bin/cc -DFLAG_SUPPORTED_Wdoublepromotion  -fno-stack-protector -U_FORTIFY_SOURCE -std=c89 -pedantic -Wall -Wextra -Werror -Wstrict-prototypes -Wwrite-strings -Wshadow -Winit-self -Wcast-align -Wformat=2 -Wmissing-prototypes -Wstrict-overflow=2 -Wcast-qual -Wundef -Wswitch-default -Wconversion -Wc++-compat -fstack-protector-strong -Wcomma  -isysroot /Applications/Xcode.app/Contents/Developer/Platforms/MacOSX.platform/Developer/SDKs/MacOSX11.3.sdk -mmacosx-version-min=11.1   -Wdouble-promotion -MD -MT CMakeFiles/cmTC_b18b0.dir/src.c.o -MF CMakeFiles/cmTC_b18b0.dir/src.c.o.d -o CMakeFiles/cmTC_b18b0.dir/src.c.o -c /Users/ylliu/code/tools/wasm/demo/CMakeFiles/CMakeTmp/src.c
Linking C executable cmTC_b18b0
/usr/local/Cellar/cmake/3.20.2/bin/cmake -E cmake_link_script CMakeFiles/cmTC_b18b0.dir/link.txt --verbose=1
/Applications/Xcode.app/Contents/Developer/Toolchains/XcodeDefault.xctoolchain/usr/bin/cc -fno-stack-protector -U_FORTIFY_SOURCE -std=c89 -pedantic -Wall -Wextra -Werror -Wstrict-prototypes -Wwrite-strings -Wshadow -Winit-self -Wcast-align -Wformat=2 -Wmissing-prototypes -Wstrict-overflow=2 -Wcast-qual -Wundef -Wswitch-default -Wconversion -Wc++-compat -fstack-protector-strong -Wcomma  -isysroot /Applications/Xcode.app/Contents/Developer/Platforms/MacOSX.platform/Developer/SDKs/MacOSX11.3.sdk -mmacosx-version-min=11.1 -Wl,-search_paths_first -Wl,-headerpad_max_install_names CMakeFiles/cmTC_b18b0.dir/src.c.o -o cmTC_b18b0 


Source file was:
int main(void) { return 0; }
Performing C SOURCE FILE Test FLAG_SUPPORTED_Wparentheses succeeded with the following output:
Change Dir: /Users/ylliu/code/tools/wasm/demo/CMakeFiles/CMakeTmp

Run Build Command(s):/usr/bin/make -f Makefile cmTC_7c642/fast && /Applications/Xcode.app/Contents/Developer/usr/bin/make  -f CMakeFiles/cmTC_7c642.dir/build.make CMakeFiles/cmTC_7c642.dir/build
Building C object CMakeFiles/cmTC_7c642.dir/src.c.o
/Applications/Xcode.app/Contents/Developer/Toolchains/XcodeDefault.xctoolchain/usr/bin/cc -DFLAG_SUPPORTED_Wparentheses  -fno-stack-protector -U_FORTIFY_SOURCE -std=c89 -pedantic -Wall -Wextra -Werror -Wstrict-prototypes -Wwrite-strings -Wshadow -Winit-self -Wcast-align -Wformat=2 -Wmissing-prototypes -Wstrict-overflow=2 -Wcast-qual -Wundef -Wswitch-default -Wconversion -Wc++-compat -fstack-protector-strong -Wcomma -Wdouble-promotion  -isysroot /Applications/Xcode.app/Contents/Developer/Platforms/MacOSX.platform/Developer/SDKs/MacOSX11.3.sdk -mmacosx-version-min=11.1   -Wparentheses -MD -MT CMakeFiles/cmTC_7c642.dir/src.c.o -MF CMakeFiles/cmTC_7c642.dir/src.c.o.d -o CMakeFiles/cmTC_7c642.dir/src.c.o -c /Users/ylliu/code/tools/wasm/demo/CMakeFiles/CMakeTmp/src.c
Linking C executable cmTC_7c642
/usr/local/Cellar/cmake/3.20.2/bin/cmake -E cmake_link_script CMakeFiles/cmTC_7c642.dir/link.txt --verbose=1
/Applications/Xcode.app/Contents/Developer/Toolchains/XcodeDefault.xctoolchain/usr/bin/cc -fno-stack-protector -U_FORTIFY_SOURCE -std=c89 -pedantic -Wall -Wextra -Werror -Wstrict-prototypes -Wwrite-strings -Wshadow -Winit-self -Wcast-align -Wformat=2 -Wmissing-prototypes -Wstrict-overflow=2 -Wcast-qual -Wundef -Wswitch-default -Wconversion -Wc++-compat -fstack-protector-strong -Wcomma -Wdouble-promotion  -isysroot /Applications/Xcode.app/Contents/Developer/Platforms/MacOSX.platform/Developer/SDKs/MacOSX11.3.sdk -mmacosx-version-min=11.1 -Wl,-search_paths_first -Wl,-headerpad_max_install_names CMakeFiles/cmTC_7c642.dir/src.c.o -o cmTC_7c642 


Source file was:
int main(void) { return 0; }
Performing C SOURCE FILE Test FLAG_SUPPORTED_Wunusedmacros succeeded with the following output:
Change Dir: /Users/ylliu/code/tools/wasm/demo/CMakeFiles/CMakeTmp

Run Build Command(s):/usr/bin/make -f Makefile cmTC_a4c3b/fast && /Applications/Xcode.app/Contents/Developer/usr/bin/make  -f CMakeFiles/cmTC_a4c3b.dir/build.make CMakeFiles/cmTC_a4c3b.dir/build
Building C object CMakeFiles/cmTC_a4c3b.dir/src.c.o
/Applications/Xcode.app/Contents/Developer/Toolchains/XcodeDefault.xctoolchain/usr/bin/cc -DFLAG_SUPPORTED_Wunusedmacros  -fno-stack-protector -U_FORTIFY_SOURCE -std=c89 -pedantic -Wall -Wextra -Werror -Wstrict-prototypes -Wwrite-strings -Wshadow -Winit-self -Wcast-align -Wformat=2 -Wmissing-prototypes -Wstrict-overflow=2 -Wcast-qual -Wundef -Wswitch-default -Wconversion -Wc++-compat -fstack-protector-strong -Wcomma -Wdouble-promotion -Wparentheses  -isysroot /Applications/Xcode.app/Contents/Developer/Platforms/MacOSX.platform/Developer/SDKs/MacOSX11.3.sdk -mmacosx-version-min=11.1   -Wunused-macros -MD -MT CMakeFiles/cmTC_a4c3b.dir/src.c.o -MF CMakeFiles/cmTC_a4c3b.dir/src.c.o.d -o CMakeFiles/cmTC_a4c3b.dir/src.c.o -c /Users/ylliu/code/tools/wasm/demo/CMakeFiles/CMakeTmp/src.c
Linking C executable cmTC_a4c3b
/usr/local/Cellar/cmake/3.20.2/bin/cmake -E cmake_link_script CMakeFiles/cmTC_a4c3b.dir/link.txt --verbose=1
/Applications/Xcode.app/Contents/Developer/Toolchains/XcodeDefault.xctoolchain/usr/bin/cc -fno-stack-protector -U_FORTIFY_SOURCE -std=c89 -pedantic -Wall -Wextra -Werror -Wstrict-prototypes -Wwrite-strings -Wshadow -Winit-self -Wcast-align -Wformat=2 -Wmissing-prototypes -Wstrict-overflow=2 -Wcast-qual -Wundef -Wswitch-default -Wconversion -Wc++-compat -fstack-protector-strong -Wcomma -Wdouble-promotion -Wparentheses  -isysroot /Applications/Xcode.app/Contents/Developer/Platforms/MacOSX.platform/Developer/SDKs/MacOSX11.3.sdk -mmacosx-version-min=11.1 -Wl,-search_paths_first -Wl,-headerpad_max_install_names CMakeFiles/cmTC_a4c3b.dir/src.c.o -o cmTC_a4c3b 


Source file was:
int main(void) { return 0; }
Performing C SOURCE FILE Test FLAG_SUPPORTED_Wmissingvariabledeclarations succeeded with the following output:
Change Dir: /Users/ylliu/code/tools/wasm/demo/CMakeFiles/CMakeTmp

Run Build Command(s):/usr/bin/make -f Makefile cmTC_296fb/fast && /Applications/Xcode.app/Contents/Developer/usr/bin/make  -f CMakeFiles/cmTC_296fb.dir/build.make CMakeFiles/cmTC_296fb.dir/build
Building C object CMakeFiles/cmTC_296fb.dir/src.c.o
/Applications/Xcode.app/Contents/Developer/Toolchains/XcodeDefault.xctoolchain/usr/bin/cc -DFLAG_SUPPORTED_Wmissingvariabledeclarations  -fno-stack-protector -U_FORTIFY_SOURCE -std=c89 -pedantic -Wall -Wextra -Werror -Wstrict-prototypes -Wwrite-strings -Wshadow -Winit-self -Wcast-align -Wformat=2 -Wmissing-prototypes -Wstrict-overflow=2 -Wcast-qual -Wundef -Wswitch-default -Wconversion -Wc++-compat -fstack-protector-strong -Wcomma -Wdouble-promotion -Wparentheses -Wunused-macros  -isysroot /Applications/Xcode.app/Contents/Developer/Platforms/MacOSX.platform/Developer/SDKs/MacOSX11.3.sdk -mmacosx-version-min=11.1   -Wmissing-variable-declarations -MD -MT CMakeFiles/cmTC_296fb.dir/src.c.o -MF CMakeFiles/cmTC_296fb.dir/src.c.o.d -o CMakeFiles/cmTC_296fb.dir/src.c.o -c /Users/ylliu/code/tools/wasm/demo/CMakeFiles/CMakeTmp/src.c
Linking C executable cmTC_296fb
/usr/local/Cellar/cmake/3.20.2/bin/cmake -E cmake_link_script CMakeFiles/cmTC_296fb.dir/link.txt --verbose=1
/Applications/Xcode.app/Contents/Developer/Toolchains/XcodeDefault.xctoolchain/usr/bin/cc -fno-stack-protector -U_FORTIFY_SOURCE -std=c89 -pedantic -Wall -Wextra -Werror -Wstrict-prototypes -Wwrite-strings -Wshadow -Winit-self -Wcast-align -Wformat=2 -Wmissing-prototypes -Wstrict-overflow=2 -Wcast-qual -Wundef -Wswitch-default -Wconversion -Wc++-compat -fstack-protector-strong -Wcomma -Wdouble-promotion -Wparentheses -Wunused-macros  -isysroot /Applications/Xcode.app/Contents/Developer/Platforms/MacOSX.platform/Developer/SDKs/MacOSX11.3.sdk -mmacosx-version-min=11.1 -Wl,-search_paths_first -Wl,-headerpad_max_install_names CMakeFiles/cmTC_296fb.dir/src.c.o -o cmTC_296fb 


Source file was:
int main(void) { return 0; }
Performing C SOURCE FILE Test FLAG_SUPPORTED_Wusedbutmarkedunused succeeded with the following output:
Change Dir: /Users/ylliu/code/tools/wasm/demo/CMakeFiles/CMakeTmp

Run Build Command(s):/usr/bin/make -f Makefile cmTC_be107/fast && /Applications/Xcode.app/Contents/Developer/usr/bin/make  -f CMakeFiles/cmTC_be107.dir/build.make CMakeFiles/cmTC_be107.dir/build
Building C object CMakeFiles/cmTC_be107.dir/src.c.o
/Applications/Xcode.app/Contents/Developer/Toolchains/XcodeDefault.xctoolchain/usr/bin/cc -DFLAG_SUPPORTED_Wusedbutmarkedunused  -fno-stack-protector -U_FORTIFY_SOURCE -std=c89 -pedantic -Wall -Wextra -Werror -Wstrict-prototypes -Wwrite-strings -Wshadow -Winit-self -Wcast-align -Wformat=2 -Wmissing-prototypes -Wstrict-overflow=2 -Wcast-qual -Wundef -Wswitch-default -Wconversion -Wc++-compat -fstack-protector-strong -Wcomma -Wdouble-promotion -Wparentheses -Wunused-macros -Wmissing-variable-declarations  -isysroot /Applications/Xcode.app/Contents/Developer/Platforms/MacOSX.platform/Developer/SDKs/MacOSX11.3.sdk -mmacosx-version-min=11.1   -Wused-but-marked-unused -MD -MT CMakeFiles/cmTC_be107.dir/src.c.o -MF CMakeFiles/cmTC_be107.dir/src.c.o.d -o CMakeFiles/cmTC_be107.dir/src.c.o -c /Users/ylliu/code/tools/wasm/demo/CMakeFiles/CMakeTmp/src.c
Linking C executable cmTC_be107
/usr/local/Cellar/cmake/3.20.2/bin/cmake -E cmake_link_script CMakeFiles/cmTC_be107.dir/link.txt --verbose=1
/Applications/Xcode.app/Contents/Developer/Toolchains/XcodeDefault.xctoolchain/usr/bin/cc -fno-stack-protector -U_FORTIFY_SOURCE -std=c89 -pedantic -Wall -Wextra -Werror -Wstrict-prototypes -Wwrite-strings -Wshadow -Winit-self -Wcast-align -Wformat=2 -Wmissing-prototypes -Wstrict-overflow=2 -Wcast-qual -Wundef -Wswitch-default -Wconversion -Wc++-compat -fstack-protector-strong -Wcomma -Wdouble-promotion -Wparentheses -Wunused-macros -Wmissing-variable-declarations  -isysroot /Applications/Xcode.app/Contents/Developer/Platforms/MacOSX.platform/Developer/SDKs/MacOSX11.3.sdk -mmacosx-version-min=11.1 -Wl,-search_paths_first -Wl,-headerpad_max_install_names CMakeFiles/cmTC_be107.dir/src.c.o -o cmTC_be107 


Source file was:
int main(void) { return 0; }
Performing C SOURCE FILE Test FLAG_SUPPORTED_Wswitchenum succeeded with the following output:
Change Dir: /Users/ylliu/code/tools/wasm/demo/CMakeFiles/CMakeTmp

Run Build Command(s):/usr/bin/make -f Makefile cmTC_adf2a/fast && /Applications/Xcode.app/Contents/Developer/usr/bin/make  -f CMakeFiles/cmTC_adf2a.dir/build.make CMakeFiles/cmTC_adf2a.dir/build
Building C object CMakeFiles/cmTC_adf2a.dir/src.c.o
/Applications/Xcode.app/Contents/Developer/Toolchains/XcodeDefault.xctoolchain/usr/bin/cc -DFLAG_SUPPORTED_Wswitchenum  -fno-stack-protector -U_FORTIFY_SOURCE -std=c89 -pedantic -Wall -Wextra -Werror -Wstrict-prototypes -Wwrite-strings -Wshadow -Winit-self -Wcast-align -Wformat=2 -Wmissing-prototypes -Wstrict-overflow=2 -Wcast-qual -Wundef -Wswitch-default -Wconversion -Wc++-compat -fstack-protector-strong -Wcomma -Wdouble-promotion -Wparentheses -Wunused-macros -Wmissing-variable-declarations -Wused-but-marked-unused  -isysroot /Applications/Xcode.app/Contents/Developer/Platforms/MacOSX.platform/Developer/SDKs/MacOSX11.3.sdk -mmacosx-version-min=11.1   -Wswitch-enum -MD -MT CMakeFiles/cmTC_adf2a.dir/src.c.o -MF CMakeFiles/cmTC_adf2a.dir/src.c.o.d -o CMakeFiles/cmTC_adf2a.dir/src.c.o -c /Users/ylliu/code/tools/wasm/demo/CMakeFiles/CMakeTmp/src.c
Linking C executable cmTC_adf2a
/usr/local/Cellar/cmake/3.20.2/bin/cmake -E cmake_link_script CMakeFiles/cmTC_adf2a.dir/link.txt --verbose=1
/Applications/Xcode.app/Contents/Developer/Toolchains/XcodeDefault.xctoolchain/usr/bin/cc -fno-stack-protector -U_FORTIFY_SOURCE -std=c89 -pedantic -Wall -Wextra -Werror -Wstrict-prototypes -Wwrite-strings -Wshadow -Winit-self -Wcast-align -Wformat=2 -Wmissing-prototypes -Wstrict-overflow=2 -Wcast-qual -Wundef -Wswitch-default -Wconversion -Wc++-compat -fstack-protector-strong -Wcomma -Wdouble-promotion -Wparentheses -Wunused-macros -Wmissing-variable-declarations -Wused-but-marked-unused  -isysroot /Applications/Xcode.app/Contents/Developer/Platforms/MacOSX.platform/Developer/SDKs/MacOSX11.3.sdk -mmacosx-version-min=11.1 -Wl,-search_paths_first -Wl,-headerpad_max_install_names CMakeFiles/cmTC_adf2a.dir/src.c.o -o cmTC_adf2a 


Source file was:
int main(void) { return 0; }
Performing C SOURCE FILE Test FLAG_SUPPORTED_fvisibilityhidden succeeded with the following output:
Change Dir: /Users/ylliu/code/tools/wasm/demo/CMakeFiles/CMakeTmp

Run Build Command(s):/usr/bin/make -f Makefile cmTC_60af4/fast && /Applications/Xcode.app/Contents/Developer/usr/bin/make  -f CMakeFiles/cmTC_60af4.dir/build.make CMakeFiles/cmTC_60af4.dir/build
Building C object CMakeFiles/cmTC_60af4.dir/src.c.o
/Applications/Xcode.app/Contents/Developer/Toolchains/XcodeDefault.xctoolchain/usr/bin/cc -DFLAG_SUPPORTED_fvisibilityhidden  -fno-stack-protector -U_FORTIFY_SOURCE -std=c89 -pedantic -Wall -Wextra -Werror -Wstrict-prototypes -Wwrite-strings -Wshadow -Winit-self -Wcast-align -Wformat=2 -Wmissing-prototypes -Wstrict-overflow=2 -Wcast-qual -Wundef -Wswitch-default -Wconversion -Wc++-compat -fstack-protector-strong -Wcomma -Wdouble-promotion -Wparentheses -Wunused-macros -Wmissing-variable-declarations -Wused-but-marked-unused -Wswitch-enum  -isysroot /Applications/Xcode.app/Contents/Developer/Platforms/MacOSX.platform/Developer/SDKs/MacOSX11.3.sdk -mmacosx-version-min=11.1   -fvisibility=hidden -MD -MT CMakeFiles/cmTC_60af4.dir/src.c.o -MF CMakeFiles/cmTC_60af4.dir/src.c.o.d -o CMakeFiles/cmTC_60af4.dir/src.c.o -c /Users/ylliu/code/tools/wasm/demo/CMakeFiles/CMakeTmp/src.c
Linking C executable cmTC_60af4
/usr/local/Cellar/cmake/3.20.2/bin/cmake -E cmake_link_script CMakeFiles/cmTC_60af4.dir/link.txt --verbose=1
/Applications/Xcode.app/Contents/Developer/Toolchains/XcodeDefault.xctoolchain/usr/bin/cc -fno-stack-protector -U_FORTIFY_SOURCE -std=c89 -pedantic -Wall -Wextra -Werror -Wstrict-prototypes -Wwrite-strings -Wshadow -Winit-self -Wcast-align -Wformat=2 -Wmissing-prototypes -Wstrict-overflow=2 -Wcast-qual -Wundef -Wswitch-default -Wconversion -Wc++-compat -fstack-protector-strong -Wcomma -Wdouble-promotion -Wparentheses -Wunused-macros -Wmissing-variable-declarations -Wused-but-marked-unused -Wswitch-enum  -isysroot /Applications/Xcode.app/Contents/Developer/Platforms/MacOSX.platform/Developer/SDKs/MacOSX11.3.sdk -mmacosx-version-min=11.1 -Wl,-search_paths_first -Wl,-headerpad_max_install_names CMakeFiles/cmTC_60af4.dir/src.c.o -o cmTC_60af4 


Source file was:
int main(void) { return 0; }
